github.com/weakpixel/tfcli/cli.go:42:		New			100.0%
github.com/weakpixel/tfcli/cli.go:69:		Dir			100.0%
github.com/weakpixel/tfcli/cli.go:74:		WithRegistry		100.0%
github.com/weakpixel/tfcli/cli.go:81:		GetModule		75.0%
github.com/weakpixel/tfcli/cli.go:95:		WithBackendVars		100.0%
github.com/weakpixel/tfcli/cli.go:100:		WithVars		100.0%
github.com/weakpixel/tfcli/cli.go:105:		WithEnv			100.0%
github.com/weakpixel/tfcli/cli.go:109:		Init			83.3%
github.com/weakpixel/tfcli/cli.go:119:		Apply			100.0%
github.com/weakpixel/tfcli/cli.go:125:		Destroy			100.0%
github.com/weakpixel/tfcli/cli.go:134:		Output			85.7%
github.com/weakpixel/tfcli/cli.go:145:		Version			81.8%
github.com/weakpixel/tfcli/cli.go:163:		writeConfig		75.0%
github.com/weakpixel/tfcli/cli.go:171:		copyModuleToWorkingDir	77.8%
github.com/weakpixel/tfcli/cli.go:186:		downloadModule		80.0%
github.com/weakpixel/tfcli/cli.go:202:		newCommand		100.0%
github.com/weakpixel/tfcli/cli.go:220:		run			100.0%
github.com/weakpixel/tfcli/cli.go:226:		ConfigFilePath		100.0%
github.com/weakpixel/tfcli/hclstructs.go:34:	writeHcl		80.0%
github.com/weakpixel/tfcli/hclstructs.go:49:	writeTerraformConfig	100.0%
github.com/weakpixel/tfcli/hclstructs.go:57:	writeModuleFile		83.3%
github.com/weakpixel/tfcli/output.go:14:	readOutVars		60.0%
github.com/weakpixel/tfcli/util.go:16:		mergeStringArrays	100.0%
github.com/weakpixel/tfcli/util.go:25:		mapToArgs		100.0%
github.com/weakpixel/tfcli/util.go:37:		DownloadTerraform	80.0%
github.com/weakpixel/tfcli/util.go:46:		downloadTerraform	80.0%
github.com/weakpixel/tfcli/util.go:76:		terraformDownloadURL	83.3%
github.com/weakpixel/tfcli/util.go:90:		fileExists		100.0%
total:						(statements)		84.6%
